TN:
SF:src/index.ts
FNF:0
FNH:0
DA:2,0
DA:3,0
LF:2
LH:0
BRF:0
BRH:0
end_of_record
TN:
SF:src/utils.ts
FN:6,(anonymous_0)
FN:26,(anonymous_1)
FN:33,(anonymous_2)
FN:40,(anonymous_3)
FN:48,(anonymous_4)
FNF:5
FNH:5
FNDA:8,(anonymous_0)
FNDA:10,(anonymous_1)
FNDA:10,(anonymous_2)
FNDA:8,(anonymous_3)
FNDA:106,(anonymous_4)
DA:6,1
DA:7,8
DA:8,8
DA:9,8
DA:11,8
DA:12,8
DA:13,8
DA:15,8
DA:16,7
DA:17,5
DA:18,3
DA:20,2
DA:26,1
DA:27,10
DA:33,1
DA:34,10
DA:40,1
DA:41,8
DA:48,1
DA:49,106
LF:20
LH:20
BRDA:15,0,0,1
BRDA:15,0,1,7
BRDA:16,1,0,2
BRDA:16,1,1,5
BRDA:17,2,0,2
BRDA:17,2,1,3
BRDA:18,3,0,1
BRDA:18,3,1,2
BRDA:27,4,0,10
BRDA:27,4,1,7
BRDA:34,5,0,10
BRDA:34,5,1,7
BRF:12
BRH:12
end_of_record
